<?xml version="1.0" encoding="UTF-8"?>
<testng-results skipped="0" failed="0" total="1" passed="1">
  <reporter-output>
  </reporter-output>
  <suite name="Default suite" duration-ms="24" started-at="2015-11-24T11:19:05Z" finished-at="2015-11-24T11:19:05Z">
    <groups>
    </groups>
    <test name="Default test" duration-ms="24" started-at="2015-11-24T11:19:05Z" finished-at="2015-11-24T11:19:05Z">
      <class name="com.plumber.tests.Test_ChangePassword">
        <test-method status="PASS" signature="verifyChangedPassword()[pri:0, instance:com.plumber.tests.Test_ChangePassword@5737be7]" name="verifyChangedPassword" duration-ms="11" started-at="2015-11-24T16:49:05Z" finished-at="2015-11-24T16:49:05Z">
          <reporter-output>
          </reporter-output>
        </test-method> <!-- verifyChangedPassword -->
      </class> <!-- com.plumber.tests.Test_ChangePassword -->
    </test> <!-- Default test -->
  </suite> <!-- Default suite -->
</testng-results>
