<?xml version="1.0" encoding="UTF-8"?>
<testsuite name="Pune_Plumber_Tests"
           tests="2"
           failures="0"
           errors="0"
           skipped="0"
           time="69.460">
  <properties />
  
  
            <testcase name="verifyFinishJobOnPlumberUnavailability" time="32.738" classname="com.plumber.tests.Test_PlumberUnavailability" />
                <testcase name="verifyStartJobOnPlumberUnavailability" time="36.722" classname="com.plumber.tests.Test_PlumberUnavailability" />
      
</testsuite>
