<?xml version="1.0" encoding="UTF-8"?>
<testsuite name="Pune_Plumber_Tests"
           tests="2"
           failures="0"
           errors="0"
           skipped="0"
           time="68.203">
  <properties />
  
  
            <testcase name="verifyFinishJobOnPlumberUnavailability" time="32.520" classname="Plumber.tests.Test_PlumberUnavailability" />
                <testcase name="verifyStartJobOnPlumberUnavailability" time="35.683" classname="Plumber.tests.Test_PlumberUnavailability" />
      
</testsuite>
