<?xml version="1.0" encoding="UTF-8"?>
<testsuite name="Pune_Plumber_Tests"
           tests="4"
           failures="0"
           errors="0"
           skipped="0"
           time="66.020">
  <properties />
  
  
            <testcase name="verifyAcceptJobBeforeCompletingPrevious" time="15.296" classname="Plumber.tests.Test_PendingJobs" />
                <testcase name="verifySkipingPriorityJob" time="10.315" classname="Plumber.tests.Test_PendingJobs" />
                <testcase name="verifyAcceptingJob" time="20.911" classname="Plumber.tests.Test_PendingJobs" />
                <testcase name="verifySkipingNormalJob" time="19.498" classname="Plumber.tests.Test_PendingJobs" />
      
</testsuite>
